ARM GAS  C:\Users\SHOZO\AppData\Local\Temp\cccrvSMm.s 			page 1


   1              		.syntax unified
   2              		.cpu cortex-m0
   3              		.fpu softvfp
   4              		.eabi_attribute 20, 1
   5              		.eabi_attribute 21, 1
   6              		.eabi_attribute 23, 3
   7              		.eabi_attribute 24, 1
   8              		.eabi_attribute 25, 1
   9              		.eabi_attribute 26, 1
  10              		.eabi_attribute 30, 6
  11              		.eabi_attribute 34, 0
  12              		.eabi_attribute 18, 4
  13              		.thumb
  14              		.syntax unified
  15              		.file	"CapSense_CSD_PM.c"
  16              		.text
  17              	.Ltext0:
  18              		.cfi_sections	.debug_frame
  19              		.bss
  20              		.align	2
  21              	CapSense_CSD_backup:
  22 0000 00       		.space	1
  23              		.section	.text.CapSense_CSD_SaveConfig,"ax",%progbits
  24              		.align	2
  25              		.global	CapSense_CSD_SaveConfig
  26              		.code	16
  27              		.thumb_func
  28              		.type	CapSense_CSD_SaveConfig, %function
  29              	CapSense_CSD_SaveConfig:
  30              	.LFB32:
  31              		.file 1 "Generated_Source\\PSoC4\\CapSense_CSD_PM.c"
   1:Generated_Source\PSoC4/CapSense_CSD_PM.c **** /*******************************************************************************
   2:Generated_Source\PSoC4/CapSense_CSD_PM.c **** * File Name: CapSense_CSD_PM.c
   3:Generated_Source\PSoC4/CapSense_CSD_PM.c **** * Version 2.60
   4:Generated_Source\PSoC4/CapSense_CSD_PM.c **** *
   5:Generated_Source\PSoC4/CapSense_CSD_PM.c **** * Description:
   6:Generated_Source\PSoC4/CapSense_CSD_PM.c **** *  This file provides Sleep APIs for CapSense CSD Component.
   7:Generated_Source\PSoC4/CapSense_CSD_PM.c **** *
   8:Generated_Source\PSoC4/CapSense_CSD_PM.c **** * Note:
   9:Generated_Source\PSoC4/CapSense_CSD_PM.c **** *
  10:Generated_Source\PSoC4/CapSense_CSD_PM.c **** ********************************************************************************
  11:Generated_Source\PSoC4/CapSense_CSD_PM.c **** * Copyright 2013-2016, Cypress Semiconductor Corporation.  All rights reserved.
  12:Generated_Source\PSoC4/CapSense_CSD_PM.c **** * You may use this file only in accordance with the license, terms, conditions,
  13:Generated_Source\PSoC4/CapSense_CSD_PM.c **** * disclaimers, and limitations in the end user license agreement accompanying
  14:Generated_Source\PSoC4/CapSense_CSD_PM.c **** * the software package with which this file was provided.
  15:Generated_Source\PSoC4/CapSense_CSD_PM.c **** *******************************************************************************/
  16:Generated_Source\PSoC4/CapSense_CSD_PM.c **** 
  17:Generated_Source\PSoC4/CapSense_CSD_PM.c **** #include "CapSense_CSD.h"
  18:Generated_Source\PSoC4/CapSense_CSD_PM.c **** 
  19:Generated_Source\PSoC4/CapSense_CSD_PM.c **** static CapSense_CSD_BACKUP_STRUCT CapSense_CSD_backup =
  20:Generated_Source\PSoC4/CapSense_CSD_PM.c **** {
  21:Generated_Source\PSoC4/CapSense_CSD_PM.c ****     0x00u, /* enableState; */
  22:Generated_Source\PSoC4/CapSense_CSD_PM.c **** };
  23:Generated_Source\PSoC4/CapSense_CSD_PM.c **** 
  24:Generated_Source\PSoC4/CapSense_CSD_PM.c **** 
  25:Generated_Source\PSoC4/CapSense_CSD_PM.c **** /*******************************************************************************
  26:Generated_Source\PSoC4/CapSense_CSD_PM.c **** * Function Name: CapSense_CSD_SaveConfig
ARM GAS  C:\Users\SHOZO\AppData\Local\Temp\cccrvSMm.s 			page 2


  27:Generated_Source\PSoC4/CapSense_CSD_PM.c **** ********************************************************************************
  28:Generated_Source\PSoC4/CapSense_CSD_PM.c **** *
  29:Generated_Source\PSoC4/CapSense_CSD_PM.c **** * Summary:
  30:Generated_Source\PSoC4/CapSense_CSD_PM.c **** *  Saves the customer configuration of CapSense.
  31:Generated_Source\PSoC4/CapSense_CSD_PM.c **** *
  32:Generated_Source\PSoC4/CapSense_CSD_PM.c **** * Parameters:
  33:Generated_Source\PSoC4/CapSense_CSD_PM.c **** *  None
  34:Generated_Source\PSoC4/CapSense_CSD_PM.c **** *
  35:Generated_Source\PSoC4/CapSense_CSD_PM.c **** * Return:
  36:Generated_Source\PSoC4/CapSense_CSD_PM.c **** *  None
  37:Generated_Source\PSoC4/CapSense_CSD_PM.c **** *
  38:Generated_Source\PSoC4/CapSense_CSD_PM.c **** * Global Variables:
  39:Generated_Source\PSoC4/CapSense_CSD_PM.c **** *  CapSense_CSD_backup - used to save the component state before entering the  sleep
  40:Generated_Source\PSoC4/CapSense_CSD_PM.c **** *  mode and none-retention registers.
  41:Generated_Source\PSoC4/CapSense_CSD_PM.c **** *
  42:Generated_Source\PSoC4/CapSense_CSD_PM.c **** * Side Effects:
  43:Generated_Source\PSoC4/CapSense_CSD_PM.c **** *  None
  44:Generated_Source\PSoC4/CapSense_CSD_PM.c **** *
  45:Generated_Source\PSoC4/CapSense_CSD_PM.c **** *******************************************************************************/
  46:Generated_Source\PSoC4/CapSense_CSD_PM.c **** void CapSense_CSD_SaveConfig(void)
  47:Generated_Source\PSoC4/CapSense_CSD_PM.c **** {
  32              		.loc 1 47 0
  33              		.cfi_startproc
  34              		@ args = 0, pretend = 0, frame = 0
  35              		@ frame_needed = 1, uses_anonymous_args = 0
  36 0000 80B5     		push	{r7, lr}
  37              		.cfi_def_cfa_offset 8
  38              		.cfi_offset 7, -8
  39              		.cfi_offset 14, -4
  40 0002 00AF     		add	r7, sp, #0
  41              		.cfi_def_cfa_register 7
  48:Generated_Source\PSoC4/CapSense_CSD_PM.c ****     if ((CapSense_CSD_CSD_CFG_REG & CapSense_CSD_CSD_CFG_ENABLE) != 0u)
  42              		.loc 1 48 0
  43 0004 044B     		ldr	r3, .L4
  44 0006 1B68     		ldr	r3, [r3]
  45 0008 002B     		cmp	r3, #0
  46 000a 02DA     		bge	.L3
  49:Generated_Source\PSoC4/CapSense_CSD_PM.c ****     {
  50:Generated_Source\PSoC4/CapSense_CSD_PM.c ****         CapSense_CSD_backup.enableState = 1u;
  47              		.loc 1 50 0
  48 000c 034B     		ldr	r3, .L4+4
  49 000e 0122     		movs	r2, #1
  50 0010 1A70     		strb	r2, [r3]
  51              	.L3:
  51:Generated_Source\PSoC4/CapSense_CSD_PM.c ****     }
  52:Generated_Source\PSoC4/CapSense_CSD_PM.c **** }
  52              		.loc 1 52 0
  53 0012 C046     		nop
  54 0014 BD46     		mov	sp, r7
  55              		@ sp needed
  56 0016 80BD     		pop	{r7, pc}
  57              	.L5:
  58              		.align	2
  59              	.L4:
  60 0018 04000840 		.word	1074266116
  61 001c 00000000 		.word	CapSense_CSD_backup
  62              		.cfi_endproc
ARM GAS  C:\Users\SHOZO\AppData\Local\Temp\cccrvSMm.s 			page 3


  63              	.LFE32:
  64              		.size	CapSense_CSD_SaveConfig, .-CapSense_CSD_SaveConfig
  65              		.section	.text.CapSense_CSD_Sleep,"ax",%progbits
  66              		.align	2
  67              		.global	CapSense_CSD_Sleep
  68              		.code	16
  69              		.thumb_func
  70              		.type	CapSense_CSD_Sleep, %function
  71              	CapSense_CSD_Sleep:
  72              	.LFB33:
  53:Generated_Source\PSoC4/CapSense_CSD_PM.c **** 
  54:Generated_Source\PSoC4/CapSense_CSD_PM.c **** 
  55:Generated_Source\PSoC4/CapSense_CSD_PM.c **** /*******************************************************************************
  56:Generated_Source\PSoC4/CapSense_CSD_PM.c **** * Function Name: CapSense_CSD_Sleep
  57:Generated_Source\PSoC4/CapSense_CSD_PM.c **** ********************************************************************************
  58:Generated_Source\PSoC4/CapSense_CSD_PM.c **** *
  59:Generated_Source\PSoC4/CapSense_CSD_PM.c **** * Summary:
  60:Generated_Source\PSoC4/CapSense_CSD_PM.c **** *  Disables the Active mode power.
  61:Generated_Source\PSoC4/CapSense_CSD_PM.c **** *
  62:Generated_Source\PSoC4/CapSense_CSD_PM.c **** * Parameters:
  63:Generated_Source\PSoC4/CapSense_CSD_PM.c **** *  None
  64:Generated_Source\PSoC4/CapSense_CSD_PM.c **** *
  65:Generated_Source\PSoC4/CapSense_CSD_PM.c **** * Return:
  66:Generated_Source\PSoC4/CapSense_CSD_PM.c **** *  None
  67:Generated_Source\PSoC4/CapSense_CSD_PM.c **** *
  68:Generated_Source\PSoC4/CapSense_CSD_PM.c **** * Global Variables:
  69:Generated_Source\PSoC4/CapSense_CSD_PM.c **** *  CapSense_CSD_backup - used to save the component state before entering the sleep
  70:Generated_Source\PSoC4/CapSense_CSD_PM.c **** *  mode.
  71:Generated_Source\PSoC4/CapSense_CSD_PM.c **** *
  72:Generated_Source\PSoC4/CapSense_CSD_PM.c **** *******************************************************************************/
  73:Generated_Source\PSoC4/CapSense_CSD_PM.c **** void CapSense_CSD_Sleep(void)
  74:Generated_Source\PSoC4/CapSense_CSD_PM.c **** {
  73              		.loc 1 74 0
  74              		.cfi_startproc
  75              		@ args = 0, pretend = 0, frame = 0
  76              		@ frame_needed = 1, uses_anonymous_args = 0
  77 0000 80B5     		push	{r7, lr}
  78              		.cfi_def_cfa_offset 8
  79              		.cfi_offset 7, -8
  80              		.cfi_offset 14, -4
  81 0002 00AF     		add	r7, sp, #0
  82              		.cfi_def_cfa_register 7
  75:Generated_Source\PSoC4/CapSense_CSD_PM.c ****     CapSense_CSD_SaveConfig();
  83              		.loc 1 75 0
  84 0004 FFF7FEFF 		bl	CapSense_CSD_SaveConfig
  76:Generated_Source\PSoC4/CapSense_CSD_PM.c **** 
  77:Generated_Source\PSoC4/CapSense_CSD_PM.c ****     /* Disable interrupt */
  78:Generated_Source\PSoC4/CapSense_CSD_PM.c ****     CyIntDisable(CapSense_CSD_ISR_NUMBER);
  85              		.loc 1 78 0
  86 0008 0F20     		movs	r0, #15
  87 000a FFF7FEFF 		bl	CyIntDisable
  79:Generated_Source\PSoC4/CapSense_CSD_PM.c **** 
  80:Generated_Source\PSoC4/CapSense_CSD_PM.c ****     CapSense_CSD_CSD_CFG_REG &= ~(CapSense_CSD_CSD_CFG_SENSE_COMP_EN | CapSense_CSD_CSD_CFG_SENSE_E
  88              		.loc 1 80 0
  89 000e 094B     		ldr	r3, .L7
  90 0010 084A     		ldr	r2, .L7
  91 0012 1268     		ldr	r2, [r2]
ARM GAS  C:\Users\SHOZO\AppData\Local\Temp\cccrvSMm.s 			page 4


  92 0014 0849     		ldr	r1, .L7+4
  93 0016 0A40     		ands	r2, r1
  94 0018 1A60     		str	r2, [r3]
  81:Generated_Source\PSoC4/CapSense_CSD_PM.c **** 
  82:Generated_Source\PSoC4/CapSense_CSD_PM.c ****     #if(CapSense_CSD_IDAC_CNT == 2u)
  83:Generated_Source\PSoC4/CapSense_CSD_PM.c ****         CapSense_CSD_CSD_CFG_REG &= ~(CapSense_CSD_CSD_CFG_ENABLE);
  95              		.loc 1 83 0
  96 001a 064B     		ldr	r3, .L7
  97 001c 054A     		ldr	r2, .L7
  98 001e 1268     		ldr	r2, [r2]
  99 0020 5200     		lsls	r2, r2, #1
 100 0022 5208     		lsrs	r2, r2, #1
 101 0024 1A60     		str	r2, [r3]
  84:Generated_Source\PSoC4/CapSense_CSD_PM.c ****     #endif /* (CapSense_CSD_IDAC_CNT == 2u) */
  85:Generated_Source\PSoC4/CapSense_CSD_PM.c **** 
  86:Generated_Source\PSoC4/CapSense_CSD_PM.c ****     /* Disable Clocks */
  87:Generated_Source\PSoC4/CapSense_CSD_PM.c ****     CapSense_CSD_SenseClk_Stop();
 102              		.loc 1 87 0
 103 0026 FFF7FEFF 		bl	CapSense_CSD_SenseClk_Stop
  88:Generated_Source\PSoC4/CapSense_CSD_PM.c ****     CapSense_CSD_SampleClk_Stop();
 104              		.loc 1 88 0
 105 002a FFF7FEFF 		bl	CapSense_CSD_SampleClk_Stop
  89:Generated_Source\PSoC4/CapSense_CSD_PM.c **** }
 106              		.loc 1 89 0
 107 002e C046     		nop
 108 0030 BD46     		mov	sp, r7
 109              		@ sp needed
 110 0032 80BD     		pop	{r7, pc}
 111              	.L8:
 112              		.align	2
 113              	.L7:
 114 0034 04000840 		.word	1074266116
 115 0038 FFEFF7FF 		.word	-528385
 116              		.cfi_endproc
 117              	.LFE33:
 118              		.size	CapSense_CSD_Sleep, .-CapSense_CSD_Sleep
 119              		.section	.text.CapSense_CSD_RestoreConfig,"ax",%progbits
 120              		.align	2
 121              		.global	CapSense_CSD_RestoreConfig
 122              		.code	16
 123              		.thumb_func
 124              		.type	CapSense_CSD_RestoreConfig, %function
 125              	CapSense_CSD_RestoreConfig:
 126              	.LFB34:
  90:Generated_Source\PSoC4/CapSense_CSD_PM.c **** 
  91:Generated_Source\PSoC4/CapSense_CSD_PM.c **** 
  92:Generated_Source\PSoC4/CapSense_CSD_PM.c **** /*******************************************************************************
  93:Generated_Source\PSoC4/CapSense_CSD_PM.c **** * Function Name: CapSense_CSD_RestoreConfig
  94:Generated_Source\PSoC4/CapSense_CSD_PM.c **** ********************************************************************************
  95:Generated_Source\PSoC4/CapSense_CSD_PM.c **** *
  96:Generated_Source\PSoC4/CapSense_CSD_PM.c **** * Summary:
  97:Generated_Source\PSoC4/CapSense_CSD_PM.c **** *  Restores the CapSense configuration.
  98:Generated_Source\PSoC4/CapSense_CSD_PM.c **** *
  99:Generated_Source\PSoC4/CapSense_CSD_PM.c **** * Parameters:
 100:Generated_Source\PSoC4/CapSense_CSD_PM.c **** *  None
 101:Generated_Source\PSoC4/CapSense_CSD_PM.c **** *
 102:Generated_Source\PSoC4/CapSense_CSD_PM.c **** * Return:
ARM GAS  C:\Users\SHOZO\AppData\Local\Temp\cccrvSMm.s 			page 5


 103:Generated_Source\PSoC4/CapSense_CSD_PM.c **** *  None
 104:Generated_Source\PSoC4/CapSense_CSD_PM.c **** *
 105:Generated_Source\PSoC4/CapSense_CSD_PM.c **** * Side Effects:
 106:Generated_Source\PSoC4/CapSense_CSD_PM.c **** *  Must be called only after CapSense_CSD_SaveConfig() routine. Otherwise
 107:Generated_Source\PSoC4/CapSense_CSD_PM.c **** *  the component configuration will be overwritten with its initial setting.
 108:Generated_Source\PSoC4/CapSense_CSD_PM.c **** *
 109:Generated_Source\PSoC4/CapSense_CSD_PM.c **** * Global Variables:
 110:Generated_Source\PSoC4/CapSense_CSD_PM.c **** *  CapSense_CSD_backup - used to save the component state before entering the sleep
 111:Generated_Source\PSoC4/CapSense_CSD_PM.c **** *  mode and none-retention registers.
 112:Generated_Source\PSoC4/CapSense_CSD_PM.c **** *
 113:Generated_Source\PSoC4/CapSense_CSD_PM.c **** *******************************************************************************/
 114:Generated_Source\PSoC4/CapSense_CSD_PM.c **** void CapSense_CSD_RestoreConfig(void)
 115:Generated_Source\PSoC4/CapSense_CSD_PM.c **** {
 127              		.loc 1 115 0
 128              		.cfi_startproc
 129              		@ args = 0, pretend = 0, frame = 0
 130              		@ frame_needed = 1, uses_anonymous_args = 0
 131 0000 80B5     		push	{r7, lr}
 132              		.cfi_def_cfa_offset 8
 133              		.cfi_offset 7, -8
 134              		.cfi_offset 14, -4
 135 0002 00AF     		add	r7, sp, #0
 136              		.cfi_def_cfa_register 7
 116:Generated_Source\PSoC4/CapSense_CSD_PM.c **** 
 117:Generated_Source\PSoC4/CapSense_CSD_PM.c **** }
 137              		.loc 1 117 0
 138 0004 C046     		nop
 139 0006 BD46     		mov	sp, r7
 140              		@ sp needed
 141 0008 80BD     		pop	{r7, pc}
 142              		.cfi_endproc
 143              	.LFE34:
 144              		.size	CapSense_CSD_RestoreConfig, .-CapSense_CSD_RestoreConfig
 145              		.section	.text.CapSense_CSD_Wakeup,"ax",%progbits
 146              		.align	2
 147              		.global	CapSense_CSD_Wakeup
 148              		.code	16
 149              		.thumb_func
 150              		.type	CapSense_CSD_Wakeup, %function
 151              	CapSense_CSD_Wakeup:
 152              	.LFB35:
 118:Generated_Source\PSoC4/CapSense_CSD_PM.c **** 
 119:Generated_Source\PSoC4/CapSense_CSD_PM.c **** 
 120:Generated_Source\PSoC4/CapSense_CSD_PM.c **** /*******************************************************************************
 121:Generated_Source\PSoC4/CapSense_CSD_PM.c **** * Function Name: CapSense_CSD_Wakeup
 122:Generated_Source\PSoC4/CapSense_CSD_PM.c **** ********************************************************************************
 123:Generated_Source\PSoC4/CapSense_CSD_PM.c **** *
 124:Generated_Source\PSoC4/CapSense_CSD_PM.c **** * Summary:
 125:Generated_Source\PSoC4/CapSense_CSD_PM.c **** *  Restores the CapSense configuration and non-retention register values.
 126:Generated_Source\PSoC4/CapSense_CSD_PM.c **** *  Restores the enabled state of the component by setting the Active mode power template
 127:Generated_Source\PSoC4/CapSense_CSD_PM.c **** *  bits for a number of components used within CapSense.
 128:Generated_Source\PSoC4/CapSense_CSD_PM.c **** *
 129:Generated_Source\PSoC4/CapSense_CSD_PM.c **** * Parameters:
 130:Generated_Source\PSoC4/CapSense_CSD_PM.c **** *  None
 131:Generated_Source\PSoC4/CapSense_CSD_PM.c **** *
 132:Generated_Source\PSoC4/CapSense_CSD_PM.c **** * Return:
 133:Generated_Source\PSoC4/CapSense_CSD_PM.c **** *  None
ARM GAS  C:\Users\SHOZO\AppData\Local\Temp\cccrvSMm.s 			page 6


 134:Generated_Source\PSoC4/CapSense_CSD_PM.c **** *
 135:Generated_Source\PSoC4/CapSense_CSD_PM.c **** * Global Variables:
 136:Generated_Source\PSoC4/CapSense_CSD_PM.c **** *  CapSense_CSD_backup - used to save the component state before entering the sleep
 137:Generated_Source\PSoC4/CapSense_CSD_PM.c **** *  mode and none-retention registers.
 138:Generated_Source\PSoC4/CapSense_CSD_PM.c **** *
 139:Generated_Source\PSoC4/CapSense_CSD_PM.c **** *******************************************************************************/
 140:Generated_Source\PSoC4/CapSense_CSD_PM.c **** void CapSense_CSD_Wakeup(void)
 141:Generated_Source\PSoC4/CapSense_CSD_PM.c **** {
 153              		.loc 1 141 0
 154              		.cfi_startproc
 155              		@ args = 0, pretend = 0, frame = 0
 156              		@ frame_needed = 1, uses_anonymous_args = 0
 157 0000 80B5     		push	{r7, lr}
 158              		.cfi_def_cfa_offset 8
 159              		.cfi_offset 7, -8
 160              		.cfi_offset 14, -4
 161 0002 00AF     		add	r7, sp, #0
 162              		.cfi_def_cfa_register 7
 142:Generated_Source\PSoC4/CapSense_CSD_PM.c ****     /* Enable the Clocks */
 143:Generated_Source\PSoC4/CapSense_CSD_PM.c ****     CapSense_CSD_SenseClk_Start();
 163              		.loc 1 143 0
 164 0004 FFF7FEFF 		bl	CapSense_CSD_SenseClk_Start
 144:Generated_Source\PSoC4/CapSense_CSD_PM.c ****     CapSense_CSD_SampleClk_Start();
 165              		.loc 1 144 0
 166 0008 FFF7FEFF 		bl	CapSense_CSD_SampleClk_Start
 145:Generated_Source\PSoC4/CapSense_CSD_PM.c **** 
 146:Generated_Source\PSoC4/CapSense_CSD_PM.c ****     /* Restore CapSense Enable state */
 147:Generated_Source\PSoC4/CapSense_CSD_PM.c ****     if (CapSense_CSD_backup.enableState != 0u)
 167              		.loc 1 147 0
 168 000c 044B     		ldr	r3, .L13
 169 000e 1B78     		ldrb	r3, [r3]
 170 0010 002B     		cmp	r3, #0
 171 0012 01D0     		beq	.L12
 148:Generated_Source\PSoC4/CapSense_CSD_PM.c ****     {
 149:Generated_Source\PSoC4/CapSense_CSD_PM.c ****         CapSense_CSD_Enable();
 172              		.loc 1 149 0
 173 0014 FFF7FEFF 		bl	CapSense_CSD_Enable
 174              	.L12:
 150:Generated_Source\PSoC4/CapSense_CSD_PM.c ****     }
 151:Generated_Source\PSoC4/CapSense_CSD_PM.c **** }
 175              		.loc 1 151 0
 176 0018 C046     		nop
 177 001a BD46     		mov	sp, r7
 178              		@ sp needed
 179 001c 80BD     		pop	{r7, pc}
 180              	.L14:
 181 001e C046     		.align	2
 182              	.L13:
 183 0020 00000000 		.word	CapSense_CSD_backup
 184              		.cfi_endproc
 185              	.LFE35:
 186              		.size	CapSense_CSD_Wakeup, .-CapSense_CSD_Wakeup
 187              		.text
 188              	.Letext0:
 189              		.file 2 "Generated_Source\\PSoC4\\cytypes.h"
 190              		.file 3 "Generated_Source\\PSoC4\\CapSense_CSD.h"
 191              		.section	.debug_info,"",%progbits
ARM GAS  C:\Users\SHOZO\AppData\Local\Temp\cccrvSMm.s 			page 7


 192              	.Ldebug_info0:
 193 0000 29010000 		.4byte	0x129
 194 0004 0400     		.2byte	0x4
 195 0006 00000000 		.4byte	.Ldebug_abbrev0
 196 000a 04       		.byte	0x4
 197 000b 01       		.uleb128 0x1
 198 000c CE010000 		.4byte	.LASF22
 199 0010 0C       		.byte	0xc
 200 0011 49010000 		.4byte	.LASF23
 201 0015 E8000000 		.4byte	.LASF24
 202 0019 00000000 		.4byte	.Ldebug_ranges0+0
 203 001d 00000000 		.4byte	0
 204 0021 00000000 		.4byte	.Ldebug_line0
 205 0025 02       		.uleb128 0x2
 206 0026 01       		.byte	0x1
 207 0027 06       		.byte	0x6
 208 0028 85010000 		.4byte	.LASF0
 209 002c 02       		.uleb128 0x2
 210 002d 01       		.byte	0x1
 211 002e 08       		.byte	0x8
 212 002f B1000000 		.4byte	.LASF1
 213 0033 02       		.uleb128 0x2
 214 0034 02       		.byte	0x2
 215 0035 05       		.byte	0x5
 216 0036 C4010000 		.4byte	.LASF2
 217 003a 02       		.uleb128 0x2
 218 003b 02       		.byte	0x2
 219 003c 07       		.byte	0x7
 220 003d 72010000 		.4byte	.LASF3
 221 0041 02       		.uleb128 0x2
 222 0042 04       		.byte	0x4
 223 0043 05       		.byte	0x5
 224 0044 D8000000 		.4byte	.LASF4
 225 0048 02       		.uleb128 0x2
 226 0049 04       		.byte	0x4
 227 004a 07       		.byte	0x7
 228 004b 34000000 		.4byte	.LASF5
 229 004f 02       		.uleb128 0x2
 230 0050 08       		.byte	0x8
 231 0051 05       		.byte	0x5
 232 0052 00000000 		.4byte	.LASF6
 233 0056 02       		.uleb128 0x2
 234 0057 08       		.byte	0x8
 235 0058 07       		.byte	0x7
 236 0059 46000000 		.4byte	.LASF7
 237 005d 03       		.uleb128 0x3
 238 005e 04       		.byte	0x4
 239 005f 05       		.byte	0x5
 240 0060 696E7400 		.ascii	"int\000"
 241 0064 02       		.uleb128 0x2
 242 0065 04       		.byte	0x4
 243 0066 07       		.byte	0x7
 244 0067 21000000 		.4byte	.LASF8
 245 006b 04       		.uleb128 0x4
 246 006c 2E000000 		.4byte	.LASF9
 247 0070 02       		.byte	0x2
 248 0071 F701     		.2byte	0x1f7
ARM GAS  C:\Users\SHOZO\AppData\Local\Temp\cccrvSMm.s 			page 8


 249 0073 2C000000 		.4byte	0x2c
 250 0077 04       		.uleb128 0x4
 251 0078 0E000000 		.4byte	.LASF10
 252 007c 02       		.byte	0x2
 253 007d F901     		.2byte	0x1f9
 254 007f 48000000 		.4byte	0x48
 255 0083 02       		.uleb128 0x2
 256 0084 04       		.byte	0x4
 257 0085 04       		.byte	0x4
 258 0086 90000000 		.4byte	.LASF11
 259 008a 02       		.uleb128 0x2
 260 008b 08       		.byte	0x8
 261 008c 04       		.byte	0x4
 262 008d E1000000 		.4byte	.LASF12
 263 0091 02       		.uleb128 0x2
 264 0092 01       		.byte	0x1
 265 0093 08       		.byte	0x8
 266 0094 D3000000 		.4byte	.LASF13
 267 0098 04       		.uleb128 0x4
 268 0099 43010000 		.4byte	.LASF14
 269 009d 02       		.byte	0x2
 270 009e A302     		.2byte	0x2a3
 271 00a0 A4000000 		.4byte	0xa4
 272 00a4 05       		.uleb128 0x5
 273 00a5 77000000 		.4byte	0x77
 274 00a9 02       		.uleb128 0x2
 275 00aa 04       		.byte	0x4
 276 00ab 07       		.byte	0x7
 277 00ac 5C020000 		.4byte	.LASF15
 278 00b0 02       		.uleb128 0x2
 279 00b1 08       		.byte	0x8
 280 00b2 04       		.byte	0x4
 281 00b3 A4010000 		.4byte	.LASF16
 282 00b7 06       		.uleb128 0x6
 283 00b8 01       		.byte	0x1
 284 00b9 03       		.byte	0x3
 285 00ba 96       		.byte	0x96
 286 00bb CC000000 		.4byte	0xcc
 287 00bf 07       		.uleb128 0x7
 288 00c0 15000000 		.4byte	.LASF25
 289 00c4 03       		.byte	0x3
 290 00c5 98       		.byte	0x98
 291 00c6 6B000000 		.4byte	0x6b
 292 00ca 00       		.byte	0
 293 00cb 00       		.byte	0
 294 00cc 08       		.uleb128 0x8
 295 00cd 96000000 		.4byte	.LASF17
 296 00d1 03       		.byte	0x3
 297 00d2 99       		.byte	0x99
 298 00d3 B7000000 		.4byte	0xb7
 299 00d7 09       		.uleb128 0x9
 300 00d8 78000000 		.4byte	.LASF18
 301 00dc 01       		.byte	0x1
 302 00dd 2E       		.byte	0x2e
 303 00de 00000000 		.4byte	.LFB32
 304 00e2 20000000 		.4byte	.LFE32-.LFB32
 305 00e6 01       		.uleb128 0x1
ARM GAS  C:\Users\SHOZO\AppData\Local\Temp\cccrvSMm.s 			page 9


 306 00e7 9C       		.byte	0x9c
 307 00e8 0A       		.uleb128 0xa
 308 00e9 91010000 		.4byte	.LASF19
 309 00ed 01       		.byte	0x1
 310 00ee 49       		.byte	0x49
 311 00ef 00000000 		.4byte	.LFB33
 312 00f3 3C000000 		.4byte	.LFE33-.LFB33
 313 00f7 01       		.uleb128 0x1
 314 00f8 9C       		.byte	0x9c
 315 00f9 09       		.uleb128 0x9
 316 00fa 5D000000 		.4byte	.LASF20
 317 00fe 01       		.byte	0x1
 318 00ff 72       		.byte	0x72
 319 0100 00000000 		.4byte	.LFB34
 320 0104 0A000000 		.4byte	.LFE34-.LFB34
 321 0108 01       		.uleb128 0x1
 322 0109 9C       		.byte	0x9c
 323 010a 0A       		.uleb128 0xa
 324 010b B0010000 		.4byte	.LASF21
 325 010f 01       		.byte	0x1
 326 0110 8C       		.byte	0x8c
 327 0111 00000000 		.4byte	.LFB35
 328 0115 24000000 		.4byte	.LFE35-.LFB35
 329 0119 01       		.uleb128 0x1
 330 011a 9C       		.byte	0x9c
 331 011b 0B       		.uleb128 0xb
 332 011c BF000000 		.4byte	.LASF26
 333 0120 01       		.byte	0x1
 334 0121 13       		.byte	0x13
 335 0122 CC000000 		.4byte	0xcc
 336 0126 05       		.uleb128 0x5
 337 0127 03       		.byte	0x3
 338 0128 00000000 		.4byte	CapSense_CSD_backup
 339 012c 00       		.byte	0
 340              		.section	.debug_abbrev,"",%progbits
 341              	.Ldebug_abbrev0:
 342 0000 01       		.uleb128 0x1
 343 0001 11       		.uleb128 0x11
 344 0002 01       		.byte	0x1
 345 0003 25       		.uleb128 0x25
 346 0004 0E       		.uleb128 0xe
 347 0005 13       		.uleb128 0x13
 348 0006 0B       		.uleb128 0xb
 349 0007 03       		.uleb128 0x3
 350 0008 0E       		.uleb128 0xe
 351 0009 1B       		.uleb128 0x1b
 352 000a 0E       		.uleb128 0xe
 353 000b 55       		.uleb128 0x55
 354 000c 17       		.uleb128 0x17
 355 000d 11       		.uleb128 0x11
 356 000e 01       		.uleb128 0x1
 357 000f 10       		.uleb128 0x10
 358 0010 17       		.uleb128 0x17
 359 0011 00       		.byte	0
 360 0012 00       		.byte	0
 361 0013 02       		.uleb128 0x2
 362 0014 24       		.uleb128 0x24
ARM GAS  C:\Users\SHOZO\AppData\Local\Temp\cccrvSMm.s 			page 10


 363 0015 00       		.byte	0
 364 0016 0B       		.uleb128 0xb
 365 0017 0B       		.uleb128 0xb
 366 0018 3E       		.uleb128 0x3e
 367 0019 0B       		.uleb128 0xb
 368 001a 03       		.uleb128 0x3
 369 001b 0E       		.uleb128 0xe
 370 001c 00       		.byte	0
 371 001d 00       		.byte	0
 372 001e 03       		.uleb128 0x3
 373 001f 24       		.uleb128 0x24
 374 0020 00       		.byte	0
 375 0021 0B       		.uleb128 0xb
 376 0022 0B       		.uleb128 0xb
 377 0023 3E       		.uleb128 0x3e
 378 0024 0B       		.uleb128 0xb
 379 0025 03       		.uleb128 0x3
 380 0026 08       		.uleb128 0x8
 381 0027 00       		.byte	0
 382 0028 00       		.byte	0
 383 0029 04       		.uleb128 0x4
 384 002a 16       		.uleb128 0x16
 385 002b 00       		.byte	0
 386 002c 03       		.uleb128 0x3
 387 002d 0E       		.uleb128 0xe
 388 002e 3A       		.uleb128 0x3a
 389 002f 0B       		.uleb128 0xb
 390 0030 3B       		.uleb128 0x3b
 391 0031 05       		.uleb128 0x5
 392 0032 49       		.uleb128 0x49
 393 0033 13       		.uleb128 0x13
 394 0034 00       		.byte	0
 395 0035 00       		.byte	0
 396 0036 05       		.uleb128 0x5
 397 0037 35       		.uleb128 0x35
 398 0038 00       		.byte	0
 399 0039 49       		.uleb128 0x49
 400 003a 13       		.uleb128 0x13
 401 003b 00       		.byte	0
 402 003c 00       		.byte	0
 403 003d 06       		.uleb128 0x6
 404 003e 13       		.uleb128 0x13
 405 003f 01       		.byte	0x1
 406 0040 0B       		.uleb128 0xb
 407 0041 0B       		.uleb128 0xb
 408 0042 3A       		.uleb128 0x3a
 409 0043 0B       		.uleb128 0xb
 410 0044 3B       		.uleb128 0x3b
 411 0045 0B       		.uleb128 0xb
 412 0046 01       		.uleb128 0x1
 413 0047 13       		.uleb128 0x13
 414 0048 00       		.byte	0
 415 0049 00       		.byte	0
 416 004a 07       		.uleb128 0x7
 417 004b 0D       		.uleb128 0xd
 418 004c 00       		.byte	0
 419 004d 03       		.uleb128 0x3
ARM GAS  C:\Users\SHOZO\AppData\Local\Temp\cccrvSMm.s 			page 11


 420 004e 0E       		.uleb128 0xe
 421 004f 3A       		.uleb128 0x3a
 422 0050 0B       		.uleb128 0xb
 423 0051 3B       		.uleb128 0x3b
 424 0052 0B       		.uleb128 0xb
 425 0053 49       		.uleb128 0x49
 426 0054 13       		.uleb128 0x13
 427 0055 38       		.uleb128 0x38
 428 0056 0B       		.uleb128 0xb
 429 0057 00       		.byte	0
 430 0058 00       		.byte	0
 431 0059 08       		.uleb128 0x8
 432 005a 16       		.uleb128 0x16
 433 005b 00       		.byte	0
 434 005c 03       		.uleb128 0x3
 435 005d 0E       		.uleb128 0xe
 436 005e 3A       		.uleb128 0x3a
 437 005f 0B       		.uleb128 0xb
 438 0060 3B       		.uleb128 0x3b
 439 0061 0B       		.uleb128 0xb
 440 0062 49       		.uleb128 0x49
 441 0063 13       		.uleb128 0x13
 442 0064 00       		.byte	0
 443 0065 00       		.byte	0
 444 0066 09       		.uleb128 0x9
 445 0067 2E       		.uleb128 0x2e
 446 0068 00       		.byte	0
 447 0069 3F       		.uleb128 0x3f
 448 006a 19       		.uleb128 0x19
 449 006b 03       		.uleb128 0x3
 450 006c 0E       		.uleb128 0xe
 451 006d 3A       		.uleb128 0x3a
 452 006e 0B       		.uleb128 0xb
 453 006f 3B       		.uleb128 0x3b
 454 0070 0B       		.uleb128 0xb
 455 0071 27       		.uleb128 0x27
 456 0072 19       		.uleb128 0x19
 457 0073 11       		.uleb128 0x11
 458 0074 01       		.uleb128 0x1
 459 0075 12       		.uleb128 0x12
 460 0076 06       		.uleb128 0x6
 461 0077 40       		.uleb128 0x40
 462 0078 18       		.uleb128 0x18
 463 0079 9742     		.uleb128 0x2117
 464 007b 19       		.uleb128 0x19
 465 007c 00       		.byte	0
 466 007d 00       		.byte	0
 467 007e 0A       		.uleb128 0xa
 468 007f 2E       		.uleb128 0x2e
 469 0080 00       		.byte	0
 470 0081 3F       		.uleb128 0x3f
 471 0082 19       		.uleb128 0x19
 472 0083 03       		.uleb128 0x3
 473 0084 0E       		.uleb128 0xe
 474 0085 3A       		.uleb128 0x3a
 475 0086 0B       		.uleb128 0xb
 476 0087 3B       		.uleb128 0x3b
ARM GAS  C:\Users\SHOZO\AppData\Local\Temp\cccrvSMm.s 			page 12


 477 0088 0B       		.uleb128 0xb
 478 0089 27       		.uleb128 0x27
 479 008a 19       		.uleb128 0x19
 480 008b 11       		.uleb128 0x11
 481 008c 01       		.uleb128 0x1
 482 008d 12       		.uleb128 0x12
 483 008e 06       		.uleb128 0x6
 484 008f 40       		.uleb128 0x40
 485 0090 18       		.uleb128 0x18
 486 0091 9642     		.uleb128 0x2116
 487 0093 19       		.uleb128 0x19
 488 0094 00       		.byte	0
 489 0095 00       		.byte	0
 490 0096 0B       		.uleb128 0xb
 491 0097 34       		.uleb128 0x34
 492 0098 00       		.byte	0
 493 0099 03       		.uleb128 0x3
 494 009a 0E       		.uleb128 0xe
 495 009b 3A       		.uleb128 0x3a
 496 009c 0B       		.uleb128 0xb
 497 009d 3B       		.uleb128 0x3b
 498 009e 0B       		.uleb128 0xb
 499 009f 49       		.uleb128 0x49
 500 00a0 13       		.uleb128 0x13
 501 00a1 02       		.uleb128 0x2
 502 00a2 18       		.uleb128 0x18
 503 00a3 00       		.byte	0
 504 00a4 00       		.byte	0
 505 00a5 00       		.byte	0
 506              		.section	.debug_aranges,"",%progbits
 507 0000 34000000 		.4byte	0x34
 508 0004 0200     		.2byte	0x2
 509 0006 00000000 		.4byte	.Ldebug_info0
 510 000a 04       		.byte	0x4
 511 000b 00       		.byte	0
 512 000c 0000     		.2byte	0
 513 000e 0000     		.2byte	0
 514 0010 00000000 		.4byte	.LFB32
 515 0014 20000000 		.4byte	.LFE32-.LFB32
 516 0018 00000000 		.4byte	.LFB33
 517 001c 3C000000 		.4byte	.LFE33-.LFB33
 518 0020 00000000 		.4byte	.LFB34
 519 0024 0A000000 		.4byte	.LFE34-.LFB34
 520 0028 00000000 		.4byte	.LFB35
 521 002c 24000000 		.4byte	.LFE35-.LFB35
 522 0030 00000000 		.4byte	0
 523 0034 00000000 		.4byte	0
 524              		.section	.debug_ranges,"",%progbits
 525              	.Ldebug_ranges0:
 526 0000 00000000 		.4byte	.LFB32
 527 0004 20000000 		.4byte	.LFE32
 528 0008 00000000 		.4byte	.LFB33
 529 000c 3C000000 		.4byte	.LFE33
 530 0010 00000000 		.4byte	.LFB34
 531 0014 0A000000 		.4byte	.LFE34
 532 0018 00000000 		.4byte	.LFB35
 533 001c 24000000 		.4byte	.LFE35
ARM GAS  C:\Users\SHOZO\AppData\Local\Temp\cccrvSMm.s 			page 13


 534 0020 00000000 		.4byte	0
 535 0024 00000000 		.4byte	0
 536              		.section	.debug_line,"",%progbits
 537              	.Ldebug_line0:
 538 0000 B3000000 		.section	.debug_str,"MS",%progbits,1
 538      02005E00 
 538      00000201 
 538      FB0E0D00 
 538      01010101 
 539              	.LASF6:
 540 0000 6C6F6E67 		.ascii	"long long int\000"
 540      206C6F6E 
 540      6720696E 
 540      7400
 541              	.LASF10:
 542 000e 75696E74 		.ascii	"uint32\000"
 542      333200
 543              	.LASF25:
 544 0015 656E6162 		.ascii	"enableState\000"
 544      6C655374 
 544      61746500 
 545              	.LASF8:
 546 0021 756E7369 		.ascii	"unsigned int\000"
 546      676E6564 
 546      20696E74 
 546      00
 547              	.LASF9:
 548 002e 75696E74 		.ascii	"uint8\000"
 548      3800
 549              	.LASF5:
 550 0034 6C6F6E67 		.ascii	"long unsigned int\000"
 550      20756E73 
 550      69676E65 
 550      6420696E 
 550      7400
 551              	.LASF7:
 552 0046 6C6F6E67 		.ascii	"long long unsigned int\000"
 552      206C6F6E 
 552      6720756E 
 552      7369676E 
 552      65642069 
 553              	.LASF20:
 554 005d 43617053 		.ascii	"CapSense_CSD_RestoreConfig\000"
 554      656E7365 
 554      5F435344 
 554      5F526573 
 554      746F7265 
 555              	.LASF18:
 556 0078 43617053 		.ascii	"CapSense_CSD_SaveConfig\000"
 556      656E7365 
 556      5F435344 
 556      5F536176 
 556      65436F6E 
 557              	.LASF11:
 558 0090 666C6F61 		.ascii	"float\000"
 558      7400
 559              	.LASF17:
ARM GAS  C:\Users\SHOZO\AppData\Local\Temp\cccrvSMm.s 			page 14


 560 0096 43617053 		.ascii	"CapSense_CSD_BACKUP_STRUCT\000"
 560      656E7365 
 560      5F435344 
 560      5F424143 
 560      4B55505F 
 561              	.LASF1:
 562 00b1 756E7369 		.ascii	"unsigned char\000"
 562      676E6564 
 562      20636861 
 562      7200
 563              	.LASF26:
 564 00bf 43617053 		.ascii	"CapSense_CSD_backup\000"
 564      656E7365 
 564      5F435344 
 564      5F626163 
 564      6B757000 
 565              	.LASF13:
 566 00d3 63686172 		.ascii	"char\000"
 566      00
 567              	.LASF4:
 568 00d8 6C6F6E67 		.ascii	"long int\000"
 568      20696E74 
 568      00
 569              	.LASF12:
 570 00e1 646F7562 		.ascii	"double\000"
 570      6C6500
 571              	.LASF24:
 572 00e8 433A5C55 		.ascii	"C:\\Users\\SHOZO\\Documents\\PSoC Creator\\CHIGASAK"
 572      73657273 
 572      5C53484F 
 572      5A4F5C44 
 572      6F63756D 
 573 0116 495F5753 		.ascii	"I_WS_Kit\\CHIGASAKI_Utsushiomi_2020_kit.cydsn\000"
 573      5F4B6974 
 573      5C434849 
 573      47415341 
 573      4B495F55 
 574              	.LASF14:
 575 0143 72656733 		.ascii	"reg32\000"
 575      3200
 576              	.LASF23:
 577 0149 47656E65 		.ascii	"Generated_Source\\PSoC4\\CapSense_CSD_PM.c\000"
 577      72617465 
 577      645F536F 
 577      75726365 
 577      5C50536F 
 578              	.LASF3:
 579 0172 73686F72 		.ascii	"short unsigned int\000"
 579      7420756E 
 579      7369676E 
 579      65642069 
 579      6E7400
 580              	.LASF0:
 581 0185 7369676E 		.ascii	"signed char\000"
 581      65642063 
 581      68617200 
 582              	.LASF19:
ARM GAS  C:\Users\SHOZO\AppData\Local\Temp\cccrvSMm.s 			page 15


 583 0191 43617053 		.ascii	"CapSense_CSD_Sleep\000"
 583      656E7365 
 583      5F435344 
 583      5F536C65 
 583      657000
 584              	.LASF16:
 585 01a4 6C6F6E67 		.ascii	"long double\000"
 585      20646F75 
 585      626C6500 
 586              	.LASF21:
 587 01b0 43617053 		.ascii	"CapSense_CSD_Wakeup\000"
 587      656E7365 
 587      5F435344 
 587      5F57616B 
 587      65757000 
 588              	.LASF2:
 589 01c4 73686F72 		.ascii	"short int\000"
 589      7420696E 
 589      7400
 590              	.LASF22:
 591 01ce 474E5520 		.ascii	"GNU C11 5.4.1 20160609 (release) [ARM/embedded-5-br"
 591      43313120 
 591      352E342E 
 591      31203230 
 591      31363036 
 592 0201 616E6368 		.ascii	"anch revision 237715] -mcpu=cortex-m0 -mthumb -g -O"
 592      20726576 
 592      6973696F 
 592      6E203233 
 592      37373135 
 593 0234 30202D66 		.ascii	"0 -ffunction-sections -ffat-lto-objects\000"
 593      66756E63 
 593      74696F6E 
 593      2D736563 
 593      74696F6E 
 594              	.LASF15:
 595 025c 73697A65 		.ascii	"sizetype\000"
 595      74797065 
 595      00
 596              		.ident	"GCC: (GNU Tools for ARM Embedded Processors) 5.4.1 20160609 (release) [ARM/embedded-5-bran
